<?xml version="1.0" encoding="UTF-8"?>
<!-- Generated by org.testng.reporters.JUnitReportReporter -->
<testsuite hostname="prasanth" failures="0" tests="1" name="sample.Demo" time="0.007" errors="0" timestamp="2023-04-12T11:05:57 IST" skipped="0">
  <testcase classname="sample.Demo" name="demo" time="0.007"/>
  <system-out/>
</testsuite> <!-- sample.Demo -->
